Hiaya
Hiaya
Hiaya
Hiayahfghfhfghfh
Hiaya
Hiaya
Hiaya
Hiaya
Hiaya
HiayaKinoo
Hiaya
Hiaya
Hiaya
Hiaya
Hiaya
Hiaya
Hiaya
Hiaya
Hiaya
Hiaya
Hiaya
HiayaSave
Haiya
insert into crp_newtechnologies(id,technology_name,country,region,location,number_women,number_men,newtech,crpid,rec_period,userid,url,valid_data)
						values('','gfdgdgdfg','','','','','','',1,'',2,'','')
Haiya
Haiya

Save
Update
Update
update crp_newtechnologies set technology_name='tests',country='',region='',location='Location',number_women='',number_men='',newtech='',crpid=1,rec_period='',userid=2,url='',valid_data='' where id='' 
update crp_newtechnologies set technology_name='Ideals',country='',region='',location='Location',number_women='0',number_men='0',newtech='',crpid=1,rec_period='2014-Q1', crpattribution='{"1":"100","2":"0","3":"0","4":"0","5":"0","6":"0","7":"0","8":"0"}',userid=1,url='',valid_data='0' where id='6' 
update crp_newtechnologies set technology_name='Ideals',country='',region='',location='Location',number_women='0',number_men='0',newtech='',crpid=1,rec_period='2014-Q1', crpattribution='{"1":"100","2":"0","3":"0","4":"0","5":"0","6":"0","7":"0","8":"0"}',userid=1,url='',valid_data='0' where id='6' 
update crp_newtechnologies set technology_name='Ideal',country='',region='',location='',number_women='0',number_men='0',newtech='',crpid=1,rec_period='2014-Q1', crpattribution='{"1":"100","2":"0","3":"0","4":"0","5":"0","6":"0","7":"0","8":"0"}',userid=1,url='',valid_data='0' where id='5' 
update crp_newtechnologies set technology_name='Ideal',country='',region='',location='',number_women='0',number_men='0',newtech='',crpid=1,rec_period='2014-Q1', crpattribution='{"1":"50","2":"50","3":"0","4":"0","5":"0","6":"0","7":"0","8":"0"}',userid=1,url='',valid_data='0' where id='5' 
update crp_newtechnologies set technology_name='Ideal',country='',region='',location='',number_women='0',number_men='0',newtech='',crpid=1,rec_period='2014-Q1', crpattribution='{"1":"50","2":"50","3":"0","4":"0","5":"0","6":"0","7":"0","8":"0"}',userid=1,url='URL',valid_data='0' where id='5' 
update crp_newtechnologies set technology_name='Ideals',country='',region='',location='Location',number_women='0',number_men='0',newtech='',crpid=1,rec_period='2014-Q1', crpattribution='{"1":"100","2":"0","3":"0","4":"0","5":"0","6":"0","7":"0","8":"0"}',userid=1,url='URL Test',valid_data='0' where id='6' 
update crp_newtechnologies set technology_name='Test',country='',region='',location='',number_women='',number_men='',newtech='',crpid=1,rec_period='2014-Q1', crpattribution='{"1":"100","2":"0","3":"0","4":"0","5":"0","6":"0","7":"0","8":"0"}',userid=1,url='',valid_data='' where id='' 
update crp_newtechnologies set technology_name='Test',country='',region='',location='',number_women='',number_men='',newtech='',crpid=1,rec_period='2014-Q1', crpattribution='{"1":"100","2":"0","3":"0","4":"0","5":"0","6":"0","7":"0","8":"0"}',userid=1,url='',valid_data='' where id='' 
update crp_newtechnologies set technology_name='Test',country='',region='',location='',number_women='',number_men='',newtech='',crpid=1,rec_period='2014-Q1', crpattribution='{"1":"100","2":"0","3":"0","4":"0","5":"0","6":"0","7":"0","8":"0"}',userid=1,url='',valid_data='' where id='' 
update crp_newtechnologies set technology_name='Test',country='',region='',location='',number_women='',number_men='',newtech='',crpid=1,rec_period='2014-Q1', crpattribution='{"1":"100","2":"0","3":"0","4":"0","5":"0","6":"0","7":"0","8":"0"}',userid=1,url='',valid_data='' where id='' 
update crp_newtechnologies set technology_name='Ests',country='',region='',location='',number_women='',number_men='',newtech='',crpid=1,rec_period='2014-Q1', crpattribution='{"1":"100","2":"0","3":"0","4":"0","5":"0","6":"0","7":"0","8":"0"}',userid=1,url='',valid_data='' where id='' 
update crp_newtechnologies set technology_name='Ests',country='',region='',location='',number_women='',number_men='',newtech='',crpid=1,rec_period='2014-Q1', crpattribution='{"1":"100","2":"0","3":"0","4":"0","5":"0","6":"0","7":"0","8":"0"}',userid=1,url='',valid_data='' where id='' 
update crp_newtechnologies set technology_name='Ests',country='',region='',location='',number_women='',number_men='',newtech='',crpid=1,rec_period='2014-Q1', crpattribution='{"1":"100","2":"0","3":"0","4":"0","5":"0","6":"0","7":"0","8":"0"}',userid=1,url='',valid_data='' where id='' 
update crp_newtechnologies set technology_name='Tested',country='',region='',location='',number_women='0',number_men='0',newtech='',crpid=1,rec_period='2014-Q1', crpattribution='{"1":"100","2":"0","3":"0","4":"0","5":"0","6":"0","7":"0","8":"0"}',userid=1,url='',valid_data='0' where id='47' 
update crp_newtechnologies set technology_name='Tested ssss',country='',region='',location='',number_women='0',number_men='0',newtech='',crpid=1,rec_period='2014-Q1', crpattribution='{"1":"100","2":"0","3":"0","4":"0","5":"0","6":"0","7":"0","8":"0"}',userid=1,url='',valid_data='0' where id='47' 
update crp_newtechnologies set technology_name='Tested ssss',country='',region='',location='',number_women='0',number_men='0',newtech='',crpid=1,rec_period='2014-Q1', crpattribution='{"1":"100","2":"0","3":"0","4":"0","5":"0","6":"0","7":"0","8":"0"}',userid=1,url='',valid_data='0' where id='47' 
update crp_newtechnologies set technology_name='Tested ssss',country='',region='',location='',number_women='0',number_men='0',newtech='',crpid=1,rec_period='2014-Q1', crpattribution='{"1":"100","2":"0","3":"0","4":"0","5":"0","6":"0","7":"0","8":"0"}',userid=1,url='',valid_data='0' where id='47' 
update crp_newtechnologies set technology_name='Tested ssss',country='',region='',location='',number_women='0',number_men='0',newtech='',crpid=1,rec_period='2014-Q1', crpattribution='{"1":"100","2":"0","3":"0","4":"0","5":"0","6":"0","7":"0","8":"0"}',userid=1,url='',valid_data='0' where id='47' 
update crp_newtechnologies set technology_name='Tested ssss',country='',region='',location='',number_women='0',number_men='0',newtech='',crpid=1,rec_period='2014-Q1', crpattribution='{"1":"100","2":"0","3":"0","4":"0","5":"0","6":"0","7":"0","8":"0"}',userid=1,url='',valid_data='0' where id='47' 
update crp_newtechnologies set technology_name='Tested ssss',country='',region='',location='',number_women='0',number_men='0',newtech='',crpid=1,rec_period='2014-Q1', crpattribution='{"1":"100","2":"0","3":"0","4":"0","5":"0","6":"0","7":"0","8":"0"}',userid=1,url='',valid_data='0' where id='47' 
update crp_newtechnologies set technology_name='Tested ssss',country='',region='',location='',number_women='0',number_men='0',newtech='',crpid=1,rec_period='2014-Q1', crpattribution='{"1":"100","2":"0","3":"0","4":"0","5":"0","6":"0","7":"0","8":"0"}',userid=1,url='',valid_data='0' where id='47' 
update crp_newtechnologies set technology_name='Tested ssss',country='',region='',location='',number_women='0',number_men='0',newtech='',crpid=1,rec_period='2014-Q1', crpattribution='{"1":"100","2":"0","3":"0","4":"0","5":"0","6":"0","7":"0","8":"0"}',userid=1,url='',valid_data='0' where id='47' 
update crp_newtechnologies set technology_name='Tested ssss',country='',region='',location='',number_women='0',number_men='0',newtech='',crpid=1,rec_period='2014-Q1', crpattribution='{"1":"100","2":"0","3":"0","4":"0","5":"0","6":"0","7":"0","8":"0"}',userid=1,url='',valid_data='0' where id='47' 
update crp_newtechnologies set technology_name='Tested ssss',country='',region='',location='',number_women='0',number_men='0',newtech='',crpid=1,rec_period='2014-Q1', crpattribution='{"1":"100","2":"0","3":"0","4":"0","5":"0","6":"0","7":"0","8":"0"}',userid=1,url='',valid_data='0' where id='47' 
update crp_newtechnologies set technology_name='Tested ssss',country='',region='',location='',number_women='0',number_men='0',newtech='',crpid=1,rec_period='2014-Q1', crpattribution='{"1":"100","2":"0","3":"0","4":"0","5":"0","6":"0","7":"0","8":"0"}',userid=1,url='',valid_data='0' where id='47' 
update crp_newtechnologies set technology_name='My Technology Test',country='',region='',location='',number_women='0',number_men='0',newtech='',crpid=1,rec_period='2014-Q1', crpattribution='{"1":"100","2":"0","3":"0","4":"0","5":"0","6":"0","7":"0","8":"0"}',userid=1,url='',valid_data='0' where id='46' 
update crp_newtechnologies set technology_name='My Technology Test',country='',region='',location='',number_women='0',number_men='0',newtech='',crpid=1,rec_period='2014-Q1', crpattribution='{"1":"100","2":"0","3":"0","4":"0","5":"0","6":"0","7":"0","8":"0"}',userid=1,url='',valid_data='0' where id='46' 
update crp_newtechnologies set technology_name='My Technology Testssss',country='',region='',location='',number_women='0',number_men='0',newtech='',crpid=1,rec_period='2014-Q1', crpattribution='{"1":"100","2":"0","3":"0","4":"0","5":"0","6":"0","7":"0","8":"0"}',userid=1,url='',valid_data='0' where id='46' 
update crp_newtechnologies set technology_name='My Technology Testssss',country='',region='',location='',number_women='0',number_men='0',newtech='',crpid=1,rec_period='2014-Q1', crpattribution='{"1":"100","2":"0","3":"0","4":"0","5":"0","6":"0","7":"0","8":"0"}',userid=1,url='',valid_data='0' where id='46' 
update crp_newtechnologies set technology_name='Tested ssssd',country='',region='',location='',number_women='0',number_men='0',newtech='',crpid=1,rec_period='2014-Q1', crpattribution='{"1":"100","2":"0","3":"0","4":"0","5":"0","6":"0","7":"0","8":"0"}',userid=1,url='',valid_data='0' where id='47' 
update crp_newtechnologies set technology_name='Tested ssssd',country='',region='',location='',number_women='0',number_men='0',newtech='',crpid=1,rec_period='2014-Q1', crpattribution='{"1":"100","2":"0","3":"0","4":"0","5":"0","6":"0","7":"0","8":"0"}',userid=1,url='',valid_data='0' where id='47' 
update crp_newtechnologies set technology_name='Technology name',country='',region='',location='location',number_women='0',number_men='0',newtech='',crpid=1,rec_period='2014-Q1', crpattribution='{"1":"100","2":"0","3":"0","4":"0","5":"0","6":"0","7":"0","8":"0"}',userid=1,url='URL',valid_data='1' where id='2' 
update crp_newtechnologies set technology_name='Technology name',country='',region='',location='location',number_women='0',number_men='0',newtech='',crpid=1,rec_period='2014-Q1', crpattribution='{"1":"100","2":"0","3":"0","4":"0","5":"0","6":"0","7":"0","8":"0"}',userid=1,url='URL',valid_data='1' where id='2' 
update crp_newtechnologies set technology_name='Technology name',country='',region='',location='location',number_women='0',number_men='0',newtech='',crpid=1,rec_period='2014-Q1', crpattribution='{"1":"100","2":"0","3":"0","4":"0","5":"0","6":"0","7":"0","8":"0"}',userid=1,url='URL',valid_data='1' where id='2' 
update crp_newtechnologies set technology_name='Technology name',country='',region='',location='location',number_women='0',number_men='0',newtech='',crpid=1,rec_period='2014-Q1', crpattribution='{"1":"100","2":"0","3":"0","4":"0","5":"0","6":"0","7":"0","8":"0"}',userid=1,url='URL',valid_data='1' where id='2' 
update crp_newtechnologies set technology_name='Technology names',country='',region='',location='location',number_women='0',number_men='0',newtech='',crpid=1,rec_period='2014-Q1', crpattribution='{"1":"100","2":"0","3":"0","4":"0","5":"0","6":"0","7":"0","8":"0"}',userid=1,url='URL',valid_data='1' where id='2' 
update crp_newtechnologies set technology_name='Technology Names',country='',region='',location='location',number_women='0',number_men='0',newtech='',crpid=1,rec_period='2014-Q1', crpattribution='{"1":"100","2":"0","3":"0","4":"0","5":"0","6":"0","7":"0","8":"0"}',userid=1,url='URL',valid_data='1' where id='2' 
update crp_newtechnologies set technology_name='Technology Names',country='',region='',location='location',number_women='0',number_men='0',newtech='',crpid=1,rec_period='2014-Q1', crpattribution='{"1":"100","2":"0","3":"0","4":"0","5":"0","6":"0","7":"0","8":"0"}',userid=1,url='URL',valid_data='1' where id='2' 
update crp_newtechnologies set technology_name='Technology Names',country='',region='',location='location',number_women='0',number_men='0',newtech='',crpid=1,rec_period='2014-Q1', crpattribution='{"1":"100","2":"0","3":"0","4":"0","5":"0","6":"0","7":"0","8":"0"}',userid=1,url='URL',valid_data='1' where id='2' 
update crp_newtechnologies set technology_name='Technology Names',country='',region='',location='location',number_women='0',number_men='0',newtech='',crpid=1,rec_period='2014-Q1', crpattribution='{"1":"100","2":"0","3":"0","4":"0","5":"0","6":"0","7":"0","8":"0"}',userid=1,url='URL',valid_data='1' where id='2' 
update crp_newtechnologies set technology_name='Technology Names',country='',region='',location='location',number_women='0',number_men='0',newtech='',crpid=1,rec_period='2014-Q1', crpattribution='{"1":"100","2":"0","3":"0","4":"0","5":"0","6":"0","7":"0","8":"0"}',userid=1,url='URL',valid_data='1' where id='2' 
update crp_newtechnologies set technology_name='Technology Namesss',country='',region='',location='location',number_women='0',number_men='0',newtech='',crpid=1,rec_period='2014-Q1', crpattribution='{"1":"100","2":"0","3":"0","4":"0","5":"0","6":"0","7":"0","8":"0"}',userid=1,url='URL',valid_data='1' where id='2' 
update crp_newtechnologies set technology_name='Technology Namesss',country='',region='',location='location',number_women='0',number_men='0',newtech='',crpid=1,rec_period='2014-Q1', crpattribution='{"1":"100","2":"0","3":"0","4":"0","5":"0","6":"0","7":"0","8":"0"}',userid=1,url='URL',valid_data='1' where id='2' 
update crp_newtechnologies set technology_name='My Technology Testssss',country='',region='',location='',number_women='0',number_men='0',newtech='',crpid=1,rec_period='2014-Q1', crpattribution='{"1":"100","2":"0","3":"0","4":"0","5":"0","6":"0","7":"0","8":"0"}',userid=1,url='',valid_data='0' where id='46' 
update crp_newtechnologies set technology_name='My Technology Testssss',country='',region='',location='',number_women='0',number_men='0',newtech='',crpid=1,rec_period='2014-Q1', crpattribution='{"1":"100","2":"0","3":"0","4":"0","5":"0","6":"0","7":"0","8":"0"}',userid=1,url='',valid_data='0' where id='46' 
update crp_newtechnologies set technology_name='My Technology Testssss',country='',region='',location='',number_women='0',number_men='0',newtech='',crpid=1,rec_period='2014-Q1', crpattribution='{"1":"100","2":"0","3":"0","4":"0","5":"0","6":"0","7":"0","8":"0"}',userid=1,url='',valid_data='0' where id='46' 
update crp_newtechnologies set technology_name='Technology Namesss',country='',region='',location='location',number_women='0',number_men='0',newtech='',crpid=1,rec_period='2014-Q1', crpattribution='{"1":"100","2":"0","3":"0","4":"0","5":"0","6":"0","7":"0","8":"0"}',userid=1,url='URL',valid_data='1' where id='2' 
update crp_newtechnologies set technology_name='Technology Namesss',country='',region='',location='location',number_women='0',number_men='0',newtech='',crpid=1,rec_period='2014-Q1', crpattribution='{"1":"100","2":"0","3":"0","4":"0","5":"0","6":"0","7":"0","8":"0"}',userid=1,url='URL',valid_data='1' where id='2' 
update crp_newtechnologies set technology_name='Technology Namesss',country='',region='',location='location',number_women='0',number_men='0',newtech='',crpid=1,rec_period='2014-Q1', crpattribution='{"1":"100","2":"0","3":"0","4":"0","5":"0","6":"0","7":"0","8":"0"}',userid=1,url='URL',valid_data='1' where id='2' 
update crp_newtechnologies set technology_name='Technology Namesss',country='',region='',location='location',number_women='0',number_men='0',newtech='',crpid=1,rec_period='2014-Q1', crpattribution='{"1":"100","2":"0","3":"0","4":"0","5":"0","6":"0","7":"0","8":"0"}',userid=1,url='URL',valid_data='1' where id='2' 
update crp_newtechnologies set technology_name='Technology Namesss',country='',region='',location='location',number_women='0',number_men='0',newtech='',crpid=1,rec_period='2014-Q1', crpattribution='{"1":"100","2":"0","3":"0","4":"0","5":"0","6":"0","7":"0","8":"0"}',userid=1,url='URL',valid_data='1' where id='2' 
update crp_newtechnologies set technology_name='Technology Namesss',country='',region='',location='location',number_women='0',number_men='0',newtech='',crpid=1,rec_period='2014-Q1', crpattribution='{"1":"100","2":"0","3":"0","4":"0","5":"0","6":"0","7":"0","8":"0"}',userid=1,url='URL',valid_data='1' where id='2' 
update crp_newtechnologies set technology_name='Technology Namesss',country='',region='',location='location',number_women='0',number_men='0',newtech='',crpid=1,rec_period='2014-Q1', crpattribution='{"1":"100","2":"0","3":"0","4":"0","5":"0","6":"0","7":"0","8":"0"}',userid=1,url='URL',valid_data='1' where id='2' 
update crp_newtechnologies set technology_name='Technology Namesss',country='',region='',location='location',number_women='0',number_men='0',newtech='',crpid=1,rec_period='2014-Q1', crpattribution='{"1":"100","2":"0","3":"0","4":"0","5":"0","6":"0","7":"0","8":"0"}',userid=1,url='URL',valid_data='1' where id='2' 
update crp_newtechnologies set technology_name='Testing Indexes',country='',region='',location='',number_women='0',number_men='0',newtech='',crpid=1,rec_period='2014-Q1', crpattribution='{"1":"100","2":"0","3":"0","4":"0","5":"0","6":"0","7":"0","8":"0"}',userid=1,url='',valid_data='0' where id='62' 
update crp_newtechnologies set technology_name='Testing Indexes',country='',region='',location='',number_women='0',number_men='0',newtech='',crpid=1,rec_period='2014-Q1', crpattribution='{"1":"100","2":"0","3":"0","4":"0","5":"0","6":"0","7":"0","8":"0"}',userid=1,url='',valid_data='0' where id='62' 
update crp_newtechnologies set technology_name='Testing Indexes',country='',region='',location='',number_women='0',number_men='0',newtech='',crpid=1,rec_period='2014-Q1', crpattribution='{"1":"100","2":"0","3":"0","4":"0","5":"0","6":"0","7":"0","8":"0"}',userid=1,url='',valid_data='0' where id='62' 
update crp_newtechnologies set technology_name='My Technology Testssss',country='',region='',location='',number_women='0',number_men='0',newtech='',crpid=1,rec_period='2014-Q1', crpattribution='{"1":"100","2":"0","3":"0","4":"0","5":"0","6":"0","7":"0","8":"0"}',userid=1,url='',valid_data='0' where id='46' 
update crp_newtechnologies set technology_name='My Technology Testssss',country='',region='',location='',number_women='0',number_men='0',newtech='',crpid=1,rec_period='2014-Q1', crpattribution='{"1":"100","2":"0","3":"0","4":"0","5":"0","6":"0","7":"0","8":"0"}',userid=1,url='',valid_data='0' where id='46' 
update crp_newtechnologies set technology_name='Tested ssssd',country='',region='',location='',number_women='0',number_men='0',newtech='',crpid=1,rec_period='2014-Q1', crpattribution='{"1":"100","2":"0","3":"0","4":"0","5":"0","6":"0","7":"0","8":"0"}',userid=1,url='',valid_data='0' where id='47' 
update crp_newtechnologies set technology_name='Tested ssssd',country='',region='',location='',number_women='0',number_men='0',newtech='',crpid=1,rec_period='2014-Q1', crpattribution='{"1":"100","2":"0","3":"0","4":"0","5":"0","6":"0","7":"0","8":"0"}',userid=1,url='',valid_data='0' where id='47' 
update crp_newtechnologies set technology_name='Tested ssssd',country='',region='',location='',number_women='0',number_men='0',newtech='',crpid=1,rec_period='2014-Q1', crpattribution='{"1":"100","2":"0","3":"0","4":"0","5":"0","6":"0","7":"0","8":"0"}',userid=1,url='',valid_data='0' where id='47' 
update crp_newtechnologies set technology_name='My Technology Testssss',country='',region='',location='',number_women='0',number_men='0',newtech='',crpid=1,rec_period='2014-Q1', crpattribution='{"1":"100","2":"0","3":"0","4":"0","5":"0","6":"0","7":"0","8":"0"}',userid=1,url='',valid_data='0' where id='46' 
update crp_newtechnologies set technology_name='My Technology Testssss',country='',region='',location='',number_women='0',number_men='0',newtech='',crpid=1,rec_period='2014-Q1', crpattribution='{"1":"100","2":"0","3":"0","4":"0","5":"0","6":"0","7":"0","8":"0"}',userid=1,url='',valid_data='0' where id='46' 
update crp_newtechnologies set technology_name='My Technology Testssss',country='',region='',location='',number_women='0',number_men='0',newtech='',crpid=1,rec_period='2014-Q1', crpattribution='{"1":"100","2":"0","3":"0","4":"0","5":"0","6":"0","7":"0","8":"0"}',userid=1,url='',valid_data='0' where id='46' 
update crp_newtechnologies set technology_name='My Technology Testssss',country='',region='',location='',number_women='0',number_men='0',newtech='',crpid=1,rec_period='2014-Q1', crpattribution='{"1":"100","2":"0","3":"0","4":"0","5":"0","6":"0","7":"0","8":"0"}',userid=1,url='',valid_data='0' where id='46' 
update crp_newtechnologies set technology_name='My Technology Testssss',country='',region='',location='',number_women='0',number_men='0',newtech='',crpid=1,rec_period='2014-Q1', crpattribution='{"1":"100","2":"0","3":"0","4":"0","5":"0","6":"0","7":"0","8":"0"}',userid=1,url='',valid_data='0' where id='46' 
update crp_newtechnologies set technology_name='Tested ssssd',country='',region='',location='',number_women='0',number_men='0',newtech='',crpid=1,rec_period='2014-Q1', crpattribution='{"1":"100","2":"0","3":"0","4":"0","5":"0","6":"0","7":"0","8":"0"}',userid=1,url='',valid_data='0' where id='47' 
update crp_newtechnologies set technology_name='Tested ssssd',country='',region='',location='',number_women='0',number_men='0',newtech='',crpid=1,rec_period='2014-Q1', crpattribution='{"1":"100","2":"0","3":"0","4":"0","5":"0","6":"0","7":"0","8":"0"}',userid=1,url='',valid_data='0' where id='47' 
update crp_newtechnologies set technology_name='Technology Namesss',country='',region='',location='location',number_women='0',number_men='0',newtech='',crpid=1,rec_period='2014-Q1', crpattribution='{"1":"100","2":"0","3":"0","4":"0","5":"0","6":"0","7":"0","8":"0"}',userid=1,url='URL',valid_data='1' where id='2' 
update crp_newtechnologies set technology_name='Technology Namesss',country='',region='',location='location',number_women='0',number_men='0',newtech='',crpid=1,rec_period='2014-Q1', crpattribution='{"1":"100","2":"0","3":"0","4":"0","5":"0","6":"0","7":"0","8":"0"}',userid=1,url='URL',valid_data='1' where id='2' 
update crp_newtechnologies set technology_name='Technology Namesss',country='',region='',location='location',number_women='0',number_men='0',newtech='',crpid=1,rec_period='2014-Q1', crpattribution='{"1":"100","2":"0","3":"0","4":"0","5":"0","6":"0","7":"0","8":"0"}',userid=1,url='URL',valid_data='1' where id='2' 
update crp_newtechnologies set technology_name='Technology Namesss',country='',region='',location='location',number_women='0',number_men='0',newtech='',crpid=1,rec_period='2014-Q1', crpattribution='{"1":"100","2":"0","3":"0","4":"0","5":"0","6":"0","7":"0","8":"0"}',userid=1,url='URL',valid_data='1' where id='2' 
update crp_newtechnologies set technology_name='Technology Namesss',country='',region='',location='location',number_women='0',number_men='0',newtech='',crpid=1,rec_period='2014-Q1', crpattribution='{"1":"100","2":"0","3":"0","4":"0","5":"0","6":"0","7":"0","8":"0"}',userid=1,url='URL',valid_data='1' where id='2' 
update crp_newtechnologies set technology_name='Technology Namesss',country='',region='',location='location',number_women='0',number_men='0',newtech='',crpid=1,rec_period='2014-Q1', crpattribution='{"1":"100","2":"0","3":"0","4":"0","5":"0","6":"0","7":"0","8":"0"}',userid=1,url='URL',valid_data='1' where id='2' 
update crp_newtechnologies set technology_name='Technology Namesss',country='',region='',location='location',number_women='0',number_men='0',newtech='',crpid=1,rec_period='2014-Q1', crpattribution='{"1":"100","2":"0","3":"0","4":"0","5":"0","6":"0","7":"0","8":"0"}',userid=1,url='URL',valid_data='1' where id='2' 
update crp_newtechnologies set technology_name='Technology Namesss',country='',region='',location='location',number_women='0',number_men='0',newtech='',crpid=1,rec_period='2014-Q1', crpattribution='{"1":"100","2":"0","3":"0","4":"0","5":"0","6":"0","7":"0","8":"0"}',userid=1,url='URL',valid_data='1' where id='2' 
update crp_newtechnologies set technology_name='Technology Namesss',country='',region='',location='location',number_women='0',number_men='0',newtech='',crpid=1,rec_period='2014-Q1', crpattribution='{"1":"100","2":"0","3":"0","4":"0","5":"0","6":"0","7":"0","8":"0"}',userid=1,url='URL',valid_data='1' where id='2' 
update crp_newtechnologies set technology_name='Technology Namesss',country='',region='',location='location',number_women='0',number_men='0',newtech='',crpid=1,rec_period='2014-Q1', crpattribution='{"1":"100","2":"0","3":"0","4":"0","5":"0","6":"0","7":"0","8":"0"}',userid=1,url='URL',valid_data='1' where id='2' 
update crp_newtechnologies set technology_name='Technology Namesss',country='',region='',location='location',number_women='0',number_men='0',newtech='',crpid=1,rec_period='2014-Q1', crpattribution='{"1":"100","2":"0","3":"0","4":"0","5":"0","6":"0","7":"0","8":"0"}',userid=1,url='URL',valid_data='1' where id='2' 
update crp_newtechnologies set technology_name='Technology Namesss',country='',region='',location='location',number_women='0',number_men='0',newtech='',crpid=1,rec_period='2014-Q1', crpattribution='{"1":"100","2":"0","3":"0","4":"0","5":"0","6":"0","7":"0","8":"0"}',userid=1,url='URL',valid_data='1' where id='2' 
update crp_newtechnologies set technology_name='Technology Namesss',country='',region='',location='location',number_women='0',number_men='0',newtech='',crpid=1,rec_period='2014-Q1', crpattribution='{"1":"100","2":"0","3":"0","4":"0","5":"0","6":"0","7":"0","8":"0"}',userid=1,url='URL',valid_data='1' where id='2' 
update crp_newtechnologies set technology_name='Technology Namesss awesomesomeness',country='',region='',location='location',number_women='0',number_men='0',newtech='',crpid=1,rec_period='2014-Q1', crpattribution='{"1":"100","2":"0","3":"0","4":"0","5":"0","6":"0","7":"0","8":"0"}',userid=1,url='URL',valid_data='1' where id='2' 
update crp_newtechnologies set technology_name='jfgsdjkgfksdfsd',country='',region='',location='',number_women='',number_men='',newtech='',crpid=1,rec_period='2014-Q1', crpattribution='{"1":"100","2":"0","3":"0","4":"0","5":"0","6":"0","7":"0","8":"0"}',userid=1,url='',valid_data='' where id='' 
update crp_newtechnologies set technology_name='jfgsdjkgfksdfsd',country='',region='',location='',number_women='',number_men='',newtech='',crpid=1,rec_period='2014-Q1', crpattribution='{"1":"100","2":"0","3":"0","4":"0","5":"0","6":"0","7":"0","8":"0"}',userid=1,url='',valid_data='' where id='' 
update crp_newtechnologies set technology_name='jfgsdjkgfksdfsd',country='',region='',location='',number_women='',number_men='',newtech='',crpid=1,rec_period='2014-Q1', crpattribution='{"1":"100","2":"0","3":"0","4":"0","5":"0","6":"0","7":"0","8":"0"}',userid=1,url='',valid_data='' where id='' 
update crp_newtechnologies set technology_name='jfgsdjkgfksdfsd updating',country='',region='',location='',number_women='0',number_men='0',newtech='',crpid=1,rec_period='2014-Q1', crpattribution='{"1":"100","2":"0","3":"0","4":"0","5":"0","6":"0","7":"0","8":"0"}',userid=1,url='',valid_data='0' where id='65' 
update crp_newtechnologies set technology_name='Technology Namesss awesomesomeness',country='',region='',location='location',number_women='0',number_men='0',newtech='',crpid=1,rec_period='2014-Q1', crpattribution='{"1":"100","2":"0","3":"0","4":"0","5":"0","6":"0","7":"0","8":"0"}',userid=1,url='URL',valid_data='1' where id='2' 
update crp_newtechnologies set technology_name='Technology Namesss awesomesomeness',country='',region='',location='location',number_women='0',number_men='0',newtech='',crpid=1,rec_period='2014-Q1', crpattribution='{"1":"100","2":"0","3":"0","4":"0","5":"0","6":"0","7":"0","8":"0"}',userid=1,url='URL',valid_data='1' where id='2' 
update crp_newtechnologies set technology_name='Technology Namesss awesomesomeness',country='',region='',location='location',number_women='0',number_men='0',newtech='',crpid=1,rec_period='2014-Q1', crpattribution='{"1":"100","2":"0","3":"0","4":"0","5":"0","6":"0","7":"0","8":"0"}',userid=1,url='URL',valid_data='1' where id='2' 
update crp_newtechnologies set technology_name='Technology Namesss awesomesomeness',country='',region='',location='location',number_women='0',number_men='0',newtech='',crpid=1,rec_period='2014-Q1', crpattribution='{"1":"100","2":"0","3":"0","4":"0","5":"0","6":"0","7":"0","8":"0"}',userid=1,url='URL',valid_data='1' where id='2' 
update crp_newtechnologies set technology_name='tests',country='',region='',location='',number_women='0',number_men='0',newtech='',crpid=1,rec_period='2014-Q1', crpattribution='{"1":"50","2":"60","3":"0","4":"0","5":"0","6":"0","7":"0","8":"0"}',userid=1,url='',valid_data='0' where id='64' 
update crp_newtechnologies set technology_name='Tested ssssd',country='',region='',location='',number_women='0',number_men='0',newtech='',crpid=1,rec_period='2014-Q1', crpattribution='{"1":"100","2":"0","3":"0","4":"0","5":"0","6":"0","7":"0","8":"0"}',userid=1,url='',valid_data='0' where id='47' 
update crp_newtechnologies set technology_name='Technology Namesss awesomesomeness',country='',region='',location='location',number_women='0',number_men='0',newtech='',crpid=1,rec_period='2014-Q1', crpattribution='{"1":"100","2":"0","3":"0","4":"0","5":"0","6":"0","7":"0","8":"0"}',userid=1,url='URL',valid_data='1' where id='2' 
update crp_newtechnologies set technology_name='My Technology Testssss',country='',region='',location='',number_women='0',number_men='0',newtech='',crpid=1,rec_period='2014-Q1', crpattribution='{"1":"100","2":"0","3":"0","4":"0","5":"0","6":"0","7":"0","8":"0"}',userid=1,url='',valid_data='0' where id='46' 
update crp_newtechnologies set technology_name='Technology Namesss awesomesomeness',country='',region='',location='location',number_women='0',number_men='0',newtech='',crpid=1,rec_period='2014-Q1', crpattribution='{"1":"100","2":"0","3":"0","4":"0","5":"0","6":"0","7":"0","8":"0"}',userid=1,url='URL',valid_data='1' where id='2' 
update crp_newtechnologies set technology_name='My Technology Testssss',country='',region='',location='',number_women='0',number_men='0',newtech='',crpid=1,rec_period='2014-Q1', crpattribution='{"1":"100","2":"0","3":"0","4":"0","5":"0","6":"0","7":"0","8":"0"}',userid=1,url='',valid_data='0' where id='46' 
update crp_newtechnologies set technology_name='jfgsdjkgfksdfsd updating',country='',region='',location='',number_women='0',number_men='0',newtech='',crpid=1,rec_period='2014-Q1', crpattribution='{"1":"100","2":"0","3":"0","4":"0","5":"0","6":"0","7":"0","8":"0"}',userid=1,url='',valid_data='0' where id='65' 
update crp_newtechnologies set technology_name='Technology Namesss awesomesomeness',country='',region='',location='location',number_women='0',number_men='0',newtech='',crpid=1,rec_period='2014-Q1', crpattribution='{"1":"100","2":"0","3":"0","4":"0","5":"0","6":"0","7":"0","8":"0"}',userid=1,url='URL',valid_data='1' where id='2' 
update crp_newtechnologies set technology_name='Technology Namesss awesomesomeness',country='',region='',location='location',number_women='0',number_men='0',newtech='',crpid=1,rec_period='2014-Q1', crpattribution='{"1":"100","2":"0","3":"0","4":"0","5":"0","6":"0","7":"0","8":"0"}',userid=1,url='URL',valid_data='1' where id='2' 
update crp_newtechnologies set technology_name='',country='',region='',location='',number_women='',number_men='',newtech='',crpid=1,rec_period='2014-Q1', crpattribution='{"1":"100","2":"0","3":"0","4":"0","5":"0","6":"0","7":"0","8":"0"}',userid=1,url='',valid_data='' where id='' 
update crp_newtechnologies set technology_name='Technology Namesss awesomesomeness update',country='',region='',location='location',number_women='0',number_men='0',newtech='',crpid=1,rec_period='2014-Q1', crpattribution='{"1":"100","2":"0","3":"0","4":"0","5":"0","6":"0","7":"0","8":"0"}',userid=1,url='URL',valid_data='1' where id='2' 
update crp_newtechnologies set technology_name='tests',country='',region='',location='',number_women='0',number_men='0',newtech='',crpid=1,rec_period='2014-Q1', crpattribution='{"1":"50","2":"60","3":"0","4":"0","5":"0","6":"0","7":"0","8":"0"}',userid=1,url='',valid_data='0' where id='64' 
update crp_newtechnologies set technology_name='My Technology Testssss',country='',region='',location='',number_women='0',number_men='0',newtech='',crpid=1,rec_period='2014-Q1', crpattribution='{"1":"100","2":"0","3":"0","4":"0","5":"0","6":"0","7":"0","8":"0"}',userid=1,url='',valid_data='0' where id='46' 
update crp_newtechnologies set technology_name='Tested ssssd',country='',region='',location='',number_women='0',number_men='0',newtech='',crpid=1,rec_period='2014-Q1', crpattribution='{"1":"100","2":"0","3":"0","4":"0","5":"0","6":"0","7":"0","8":"0"}',userid=1,url='',valid_data='0' where id='47' 
update crp_newtechnologies set technology_name='Testingsss',country='',region='',location='',number_women='0',number_men='0',newtech='',crpid=1,rec_period='2014-Q1', crpattribution='{"1":"100","2":"0","3":"0","4":"0","5":"0","6":"0","7":"0","8":"0"}',userid=1,url='',valid_data='0' where id='63' 
update crp_newtechnologies set technology_name='Tested ssssd',country='',region='',location='',number_women='0',number_men='0',newtech='',crpid=1,rec_period='2014-Q1', crpattribution='{"1":"100","2":"0","3":"0","4":"0","5":"0","6":"0","7":"0","8":"0"}',userid=1,url='',valid_data='0' where id='47' 
update crp_newtechnologies set technology_name='Testing Indexes',country='',region='',location='',number_women='0',number_men='0',newtech='',crpid=1,rec_period='2014-Q1', crpattribution='{"1":"100","2":"0","3":"0","4":"0","5":"0","6":"0","7":"0","8":"0"}',userid=1,url='',valid_data='0' where id='62' 
update crp_newtechnologies set technology_name='Technology Namesss awesomesomeness update',country='',region='',location='location',number_women='0',number_men='0',newtech='',crpid=1,rec_period='2014-Q1', crpattribution='{"1":"100","2":"0","3":"0","4":"0","5":"0","6":"0","7":"0","8":"0"}',userid=1,url='URL',valid_data='1' where id='2' 
update crp_newtechnologies set technology_name='My Technology Testssss',country='',region='',location='',number_women='0',number_men='0',newtech='',crpid=1,rec_period='2014-Q1', crpattribution='{"1":"100","2":"0","3":"0","4":"0","5":"0","6":"0","7":"0","8":"0"}',userid=1,url='',valid_data='0' where id='46' 
update crp_newtechnologies set technology_name='Technology Namesss awesomesomeness update',country='',region='',location='location',number_women='0',number_men='0',newtech='',crpid=1,rec_period='2014-Q1', crpattribution='{"1":"100","2":"0","3":"0","4":"0","5":"0","6":"0","7":"0","8":"0"}',userid=1,url='URL',valid_data='1' where id='2' 
update crp_newtechnologies set technology_name='My Technology Testssss',country='',region='',location='',number_women='0',number_men='0',newtech='',crpid=1,rec_period='2014-Q1', crpattribution='{"1":"100","2":"0","3":"0","4":"0","5":"0","6":"0","7":"0","8":"0"}',userid=1,url='',valid_data='0' where id='46' 
update crp_newtechnologies set technology_name='Technology Namesss awesomesomeness update',country='',region='',location='location',number_women='0',number_men='0',newtech='',crpid=1,rec_period='2014-Q1', crpattribution='{"1":"100","2":"0","3":"0","4":"0","5":"0","6":"0","7":"0","8":"0"}',userid=1,url='URL',valid_data='1' where id='2' 
update crp_newtechnologies set technology_name='Technology Namesss awesomesomeness update',country='',region='',location='location',number_women='0',number_men='0',newtech='',crpid=1,rec_period='2014-Q1', crpattribution='{"1":"100","2":"0","3":"0","4":"0","5":"0","6":"0","7":"0","8":"0"}',userid=1,url='URL',valid_data='1' where id='2' 
update crp_newtechnologies set technology_name='Technology Namesss awesomesomeness update',country='',region='',location='location',number_women='0',number_men='0',newtech='',crpid=1,rec_period='2014-Q1', crpattribution='{"1":"100","2":"0","3":"0","4":"0","5":"0","6":"0","7":"0","8":"0"}',userid=1,url='URL',valid_data='1' where id='2' 
update crp_newtechnologies set technology_name='My Technology Testssss',country='',region='',location='',number_women='0',number_men='0',newtech='',crpid=1,rec_period='2014-Q1', crpattribution='{"1":"100","2":"0","3":"0","4":"0","5":"0","6":"0","7":"0","8":"0"}',userid=1,url='',valid_data='0' where id='46' 
update crp_newtechnologies set technology_name='Technology Namesss awesomesomeness update',country='',region='',location='location',number_women='0',number_men='0',newtech='',crpid=1,rec_period='2014-Q1', crpattribution='{"1":"100","2":"0","3":"0","4":"0","5":"0","6":"0","7":"0","8":"0"}',userid=1,url='URL',valid_data='1' where id='2' 
update crp_newtechnologies set technology_name='My Technology Testssss',country='',region='',location='',number_women='0',number_men='0',newtech='',crpid=1,rec_period='2014-Q1', crpattribution='{"1":"100","2":"0","3":"0","4":"0","5":"0","6":"0","7":"0","8":"0"}',userid=1,url='',valid_data='0' where id='46' 
update crp_newtechnologies set technology_name='Technology Namesss awesomesomeness update',country='',region='',location='location',number_women='0',number_men='0',newtech='',crpid=1,rec_period='2014-Q1', crpattribution='{"1":"100","2":"0","3":"0","4":"0","5":"0","6":"0","7":"0","8":"0"}',userid=1,url='URL',valid_data='1' where id='2' 
update crp_newtechnologies set technology_name='Tested ssssd',country='',region='',location='',number_women='0',number_men='0',newtech='',crpid=1,rec_period='2014-Q1', crpattribution='{"1":"100","2":"0","3":"0","4":"0","5":"0","6":"0","7":"0","8":"0"}',userid=1,url='',valid_data='0' where id='47' 
update crp_newtechnologies set technology_name='Technology Namesss awesomesomeness update',country='',region='',location='location',number_women='0',number_men='0',newtech='',crpid=1,rec_period='2014-Q1', crpattribution='{"1":"100","2":"0","3":"0","4":"0","5":"0","6":"0","7":"0","8":"0"}',userid=1,url='URL',valid_data='1' where id='2' 
update crp_newtechnologies set technology_name='My Technology Testssss',country='',region='',location='',number_women='0',number_men='0',newtech='',crpid=1,rec_period='2014-Q1', crpattribution='{"1":"100","2":"0","3":"0","4":"0","5":"0","6":"0","7":"0","8":"0"}',userid=1,url='',valid_data='0' where id='46' 
update crp_newtechnologies set technology_name='Technology Namesss awesomesomeness update',country='',region='',location='location',number_women='0',number_men='0',newtech='',crpid=1,rec_period='2014-Q1', crpattribution='{"1":"100","2":"0","3":"0","4":"0","5":"0","6":"0","7":"0","8":"0"}',userid=1,url='URL',valid_data='1' where id='2' 
update crp_newtechnologies set technology_name='My Technology Testssss',country='',region='',location='',number_women='0',number_men='0',newtech='',crpid=1,rec_period='2014-Q1', crpattribution='{"1":"100","2":"0","3":"0","4":"0","5":"0","6":"0","7":"0","8":"0"}',userid=1,url='',valid_data='0' where id='46' 
update crp_newtechnologies set technology_name='My Technology Testssss',country='',region='',location='',number_women='0',number_men='0',newtech='',crpid=1,rec_period='2014-Q1', crpattribution='{"1":"100","2":"0","3":"0","4":"0","5":"0","6":"0","7":"0","8":"0"}',userid=1,url='',valid_data='0' where id='46' 
update crp_newtechnologies set technology_name='Testingsss',country='',region='',location='',number_women='0',number_men='0',newtech='',crpid=1,rec_period='2014-Q1', crpattribution='{"1":"100","2":"0","3":"0","4":"0","5":"0","6":"0","7":"0","8":"0"}',userid=1,url='',valid_data='0' where id='63' 
update crp_newtechnologies set technology_name='tests',country='',region='',location='',number_women='0',number_men='0',newtech='',crpid=1,rec_period='2014-Q1', crpattribution='{"1":"50","2":"60","3":"0","4":"0","5":"0","6":"0","7":"0","8":"0"}',userid=1,url='',valid_data='0' where id='64' 
update crp_newtechnologies set technology_name='Technology Namesss awesomesomeness update',country='',region='',location='location',number_women='0',number_men='0',newtech='',crpid=1,rec_period='2014-Q1', crpattribution='{"1":"100","2":"0","3":"0","4":"0","5":"0","6":"0","7":"0","8":"0"}',userid=1,url='URL',valid_data='1' where id='2' 
update crp_newtechnologies set technology_name='My Technology Testssss',country='',region='',location='',number_women='0',number_men='0',newtech='',crpid=1,rec_period='2014-Q1', crpattribution='{"1":"100","2":"0","3":"0","4":"0","5":"0","6":"0","7":"0","8":"0"}',userid=1,url='',valid_data='0' where id='46' 
update crp_newtechnologies set technology_name='Technology Namesss awesomesomeness update',country='',region='',location='location',number_women='0',number_men='0',newtech='',crpid=1,rec_period='2014-Q1', crpattribution='{"1":"100","2":"0","3":"0","4":"0","5":"0","6":"0","7":"0","8":"0"}',userid=1,url='URL',valid_data='1' where id='2' 
update crp_newtechnologies set technology_name='My Technology Testssss',country='',region='',location='',number_women='0',number_men='0',newtech='',crpid=1,rec_period='2014-Q1', crpattribution='{"1":"100","2":"0","3":"0","4":"0","5":"0","6":"0","7":"0","8":"0"}',userid=1,url='',valid_data='0' where id='46' 
update crp_newtechnologies set technology_name='Technology Namesss awesomesomeness update dfdfsdf',country='',region='',location='location',number_women='0',number_men='0',newtech='',crpid=1,rec_period='2014-Q1', crpattribution='{"1":"100","2":"0","3":"0","4":"0","5":"0","6":"0","7":"0","8":"0"}',userid=1,url='URL',valid_data='1' where id='2' 
update crp_newtechnologies set technology_name='My Technology Testssss dffsd',country='',region='',location='',number_women='0',number_men='0',newtech='',crpid=1,rec_period='2014-Q1', crpattribution='{"1":"100","2":"0","3":"0","4":"0","5":"0","6":"0","7":"0","8":"0"}',userid=1,url='',valid_data='0' where id='46' 
update crp_newtechnologies set technology_name='My Technology Testssss dffsd',country='',region='',location='',number_women='0',number_men='0',newtech='',crpid=1,rec_period='2014-Q1', crpattribution='{"1":"100","2":"0","3":"0","4":"0","5":"0","6":"0","7":"0","8":"0"}',userid=1,url='',valid_data='0' where id='46' 
update crp_newtechnologies set technology_name='Technology Namesss awesomesomeness update dfdfsdf',country='',region='',location='location',number_women='0',number_men='0',newtech='',crpid=1,rec_period='2014-Q1', crpattribution='{"1":"100","2":"0","3":"0","4":"0","5":"0","6":"0","7":"0","8":"0"}',userid=1,url='URL',valid_data='1' where id='2' 
update crp_newtechnologies set technology_name='Testingsss',country='',region='',location='',number_women='0',number_men='0',newtech='',crpid=1,rec_period='2014-Q1', crpattribution='{"1":"100","2":"0","3":"0","4":"0","5":"0","6":"0","7":"0","8":"0"}',userid=1,url='',valid_data='0' where id='63' 
update crp_newtechnologies set technology_name='My Technology Testssss dffsd',country='',region='',location='',number_women='0',number_men='0',newtech='',crpid=1,rec_period='2014-Q1', crpattribution='{"1":"100","2":"0","3":"0","4":"0","5":"0","6":"0","7":"0","8":"0"}',userid=1,url='',valid_data='0' where id='46' 
update crp_newtechnologies set technology_name='My Technology Testssss dffsd',country='',region='',location='',number_women='0',number_men='0',newtech='1',crpid=1,rec_period='2014-Q1', crpattribution='{"1":"100","2":"0","3":"0","4":"0","5":"0","6":"0","7":"0","8":"0"}',userid=1,url='',valid_data='0' where id='46' 
update crp_newtechnologies set technology_name='Technology Namesss awesomesomeness update dfdfsdf',country='',region='',location='location',number_women='0',number_men='0',newtech='',crpid=1,rec_period='2014-Q1', crpattribution='{"1":"100","2":"0","3":"0","4":"0","5":"0","6":"0","7":"0","8":"0"}',userid=1,url='URL',valid_data='1' where id='2' 
update crp_newtechnologies set technology_name='Technology Namesss awesomesomeness update dfdfsdf',country='',region='',location='location',number_women='0',number_men='0',newtech='',crpid=1,rec_period='2014-Q1', crpattribution='{"1":"100","2":"0","3":"0","4":"0","5":"0","6":"0","7":"0","8":"0"}',userid=1,url='URL',valid_data='1' where id='2' 
update crp_newtechnologies set technology_name='',country='',region='',location='',number_women='',number_men='',newtech='',crpid=1,rec_period='2014-Q1', crpattribution='{"1":"100","2":"0","3":"0","4":"0","5":"0","6":"0","7":"0","8":"0"}',userid=1,url='',valid_data='' where id='' 
update crp_newtechnologies set technology_name='',country='',region='',location='',number_women='',number_men='',newtech='',crpid=1,rec_period='2014-Q1', crpattribution='{"1":"100","2":"0","3":"0","4":"0","5":"0","6":"0","7":"0","8":"0"}',userid=1,url='',valid_data='' where id='' 
update crp_newtechnologies set technology_name='',country='',region='',location='',number_women='',number_men='',newtech='',crpid=1,rec_period='2014-Q1', crpattribution='{"1":"100","2":"0","3":"0","4":"0","5":"0","6":"0","7":"0","8":"0"}',userid=1,url='',valid_data='' where id='' 
update crp_newtechnologies set technology_name='',country='',region='',location='',number_women='',number_men='',newtech='',crpid=1,rec_period='2014-Q1', crpattribution='{"1":"100","2":"0","3":"0","4":"0","5":"0","6":"0","7":"0","8":"0"}',userid=1,url='',valid_data='' where id='' 
update crp_newtechnologies set technology_name='FWERWERWE',country='',region='',location='',number_women='0',number_men='0',newtech='',crpid=1,rec_period='2014-Q1', crpattribution='{"1":"100","2":"0","3":"0","4":"0","5":"0","6":"0","7":"0","8":"0"}',userid=1,url='',valid_data='0' where id='82' 
